<?xml version="1.0" encoding="UTF-8"?>
<testng-results ignored="0" total="1" passed="1" failed="0" skipped="0">
  <reporter-output>
  </reporter-output>
  <suite started-at="2024-06-02T19:49:28 IST" name="Default suite" finished-at="2024-06-02T19:49:31 IST" duration-ms="2475">
    <groups>
    </groups>
    <test started-at="2024-06-02T19:49:28 IST" name="Default test" finished-at="2024-06-02T19:49:31 IST" duration-ms="2475">
      <class name="tests.CityFanCode">
        <test-method is-config="true" signature="setUp()[pri:0, instance:tests.CityFanCode@272113c4]" started-at="2024-06-02T19:49:28 IST" name="setUp" finished-at="2024-06-02T19:49:28 IST" duration-ms="210" status="PASS">
          <reporter-output>
          </reporter-output>
        </test-method> <!-- setUp -->
        <test-method signature="validateTodosCompletion()[pri:0, instance:tests.CityFanCode@272113c4]" started-at="2024-06-02T19:49:28 IST" name="validateTodosCompletion" finished-at="2024-06-02T19:49:30 IST" duration-ms="2018" status="PASS">
          <reporter-output>
          </reporter-output>
        </test-method> <!-- validateTodosCompletion -->
        <test-method is-config="true" signature="tearDown()[pri:0, instance:tests.CityFanCode@272113c4]" started-at="2024-06-02T19:49:30 IST" name="tearDown" finished-at="2024-06-02T19:49:31 IST" duration-ms="219" status="PASS">
          <reporter-output>
          </reporter-output>
        </test-method> <!-- tearDown -->
      </class> <!-- tests.CityFanCode -->
    </test> <!-- Default test -->
  </suite> <!-- Default suite -->
</testng-results>
